<?xml version="1.0" encoding="UTF-8"?>
<!-- Generated by org.testng.reporters.JUnitReportReporter -->
<testsuite skipped="0" hostname="sanjay" name="javaPackage.TestNG1" tests="1" failures="0" timestamp="23 Aug 2021 11:09:30 GMT" time="0.014" errors="0">
  <testcase name="a" time="0.014" classname="javaPackage.TestNG1"/>
</testsuite> <!-- javaPackage.TestNG1 -->
