<?xml version="1.0" encoding="UTF-8"?>
<!-- Generated by org.testng.reporters.JUnitReportReporter -->
<testsuite skipped="0" hostname="sanjay" name="javaPackage.DateandTime" tests="1" failures="0" timestamp="24 Aug 2021 06:29:06 GMT" time="89.029" errors="0">
  <testcase name="dateTimePicker" time="89.029" classname="javaPackage.DateandTime"/>
</testsuite> <!-- javaPackage.DateandTime -->
