<?xml version="1.0" encoding="UTF-8"?>
<!-- Generated by org.testng.reporters.JUnitReportReporter -->
<testsuite skipped="0" hostname="sanjay" name="javaPackage.NewTest" tests="1" failures="0" timestamp="14 Aug 2021 18:22:44 GMT" time="0.101" errors="0">
  <testcase name="f" time="0.101" classname="javaPackage.NewTest"/>
</testsuite> <!-- javaPackage.NewTest -->
