<?xml version="1.0" encoding="UTF-8"?>
<!-- Generated by org.testng.reporters.JUnitReportReporter -->
<testsuite skipped="0" hostname="sanjay" name="javaPackage.TestNG_Practice" tests="1" failures="0" timestamp="25 Aug 2021 08:11:45 GMT" time="46.115" errors="0">
  <testcase name="f" time="46.115" classname="javaPackage.TestNG_Practice"/>
</testsuite> <!-- javaPackage.TestNG_Practice -->
